Using pre-set license
Built from '2020.3/staging' branch; Version is '2020.3.11f1 (99c7afb366b3) revision 10078127'; Using compiler version '192528614'; Build Type 'Release'
OS: 'Windows 10 Home; OS build 19043.1348; Version 2009; 64bit' Language: 'ja' Physical Memory: 6020 MB
BatchMode: 1, IsHumanControllingUs: 0, StartBugReporterOnCrash: 0, Is64bit: 1, IsPro: 0

 COMMAND LINE ARGUMENTS:
C:\Program Files\Unity\Hub\Editor\2020.3.11f1\Editor\Unity.exe
-adb2
-batchMode
-noUpm
-name
AssetImportWorker0
-projectPath
C:/Users/n0905/1203Practice/New Unity Project
-logFile
Logs/AssetImportWorker0.log
-srvPort
56402
Successfully changed project path to: C:/Users/n0905/1203Practice/New Unity Project
C:/Users/n0905/1203Practice/New Unity Project
Using Asset Import Pipeline V2.
Refreshing native plugins compatible for Editor in 117.40 ms, found 2 plugins.
Preloading 0 native plugins for Editor in 0.00 ms.
Initialize engine version: 2020.3.11f1 (99c7afb366b3)
[Subsystems] Discovering subsystems at path C:/Program Files/Unity/Hub/Editor/2020.3.11f1/Editor/Data/Resources/UnitySubsystems
[Subsystems] Discovering subsystems at path C:/Users/n0905/1203Practice/New Unity Project/Assets
GfxDevice: creating device client; threaded=0
Direct3D:
    Version:  Direct3D 11.0 [level 11.1]
    Renderer: AMD Radeon(TM) Vega 8 Graphics (ID=0x15d8)
    Vendor:   
    VRAM:     3010 MB
    Driver:   27.20.11028.10001
Initialize mono
Mono path[0] = 'C:/Program Files/Unity/Hub/Editor/2020.3.11f1/Editor/Data/Managed'
Mono path[1] = 'C:/Program Files/Unity/Hub/Editor/2020.3.11f1/Editor/Data/MonoBleedingEdge/lib/mono/unityjit'
Mono config path = 'C:/Program Files/Unity/Hub/Editor/2020.3.11f1/Editor/Data/MonoBleedingEdge/etc'
Using monoOptions --debugger-agent=transport=dt_socket,embedding=1,server=y,suspend=n,address=127.0.0.1:56492
Begin MonoManager ReloadAssembly
Registering precompiled unity dll's ...
Register platform support module: C:/Program Files/Unity/Hub/Editor/2020.3.11f1/Editor/Data/PlaybackEngines/WebGLSupport/UnityEditor.WebGL.Extensions.dll
Register platform support module: C:/Program Files/Unity/Hub/Editor/2020.3.11f1/Editor/Data/PlaybackEngines/WindowsStandaloneSupport/UnityEditor.WindowsStandalone.Extensions.dll
Registered in 0.006255 seconds.
Native extension for WindowsStandalone target not found
Native extension for WebGL target not found
Refreshing native plugins compatible for Editor in 63.80 ms, found 2 plugins.
Preloading 0 native plugins for Editor in 0.00 ms.
Mono: successfully reloaded assembly
- Completed reload, in  6.110 seconds
Platform modules already initialized, skipping
Registering precompiled user dll's ...
Registered in 0.019870 seconds.
Begin MonoManager ReloadAssembly
Native extension for WindowsStandalone target not found
Native extension for WebGL target not found
Refreshing native plugins compatible for Editor in 68.75 ms, found 2 plugins.
Preloading 0 native plugins for Editor in 0.00 ms.
Mono: successfully reloaded assembly
- Completed reload, in  1.621 seconds
Platform modules already initialized, skipping
========================================================================
Worker process is ready to serve import requests
Shader 'Universal Render Pipeline/Particles/Lit': fallback shader 'Universal Render Pipeline/Particles/SimpleLit' not found
Shader 'Universal Render Pipeline/Particles/Lit': fallback shader 'Universal Render Pipeline/Particles/SimpleLit' not found
Launched and connected shader compiler UnityShaderCompiler.exe after 0.08 seconds
Refreshing native plugins compatible for Editor in 0.70 ms, found 2 plugins.
Preloading 0 native plugins for Editor in 0.00 ms.
Unloading 2692 Unused Serialized files (Serialized files now loaded: 0)
System memory in use before: 121.6 MB.
System memory in use after: 118.8 MB.

Unloading 54 unused Assets to reduce memory usage. Loaded Objects now: 3089.
Total: 6.059700 ms (FindLiveObjects: 0.316000 ms CreateObjectMapping: 0.119600 ms MarkObjects: 3.911600 ms  DeleteObjects: 1.710200 ms)

========================================================================
Received Import Request.
  path: Assets/Materials/New Material.mat
  artifactKey: Guid(a9234f98c2ccaff4db82739fd66da3b8) Importer(815301076,1909f56bfc062723c751e8b465ee728b)
Start importing Assets/Materials/New Material.mat using Guid(a9234f98c2ccaff4db82739fd66da3b8) Importer(815301076,1909f56bfc062723c751e8b465ee728b)  -> (artifact id: 'bea2203519676a43ee0bb9884c511730') in 0.382807 seconds
  Import took 0.389086 seconds .

========================================================================
Received Import Request.
  Time since last request: 0.000370 seconds.
  path: Assets/Materials/Skybox_Mat.mat
  artifactKey: Guid(0ffaa0b7117ba8c47a9d05ae701d4b4d) Importer(815301076,1909f56bfc062723c751e8b465ee728b)
Start importing Assets/Materials/Skybox_Mat.mat using Guid(0ffaa0b7117ba8c47a9d05ae701d4b4d) Importer(815301076,1909f56bfc062723c751e8b465ee728b)  -> (artifact id: '4d54ab3375f41efad00566dcae11def2') in 0.048868 seconds
  Import took 0.055046 seconds .

========================================================================
Received Import Request.
  Time since last request: 11.735959 seconds.
  path: Assets/Materials/red.mat
  artifactKey: Guid(a9234f98c2ccaff4db82739fd66da3b8) Importer(815301076,1909f56bfc062723c751e8b465ee728b)
Start importing Assets/Materials/red.mat using Guid(a9234f98c2ccaff4db82739fd66da3b8) Importer(815301076,1909f56bfc062723c751e8b465ee728b)  -> (artifact id: 'a6e2ad34945f5145bc38c824c7cbfccc') in 0.048017 seconds
  Import took 0.055372 seconds .

========================================================================
Received Import Request.
  Time since last request: 1.877568 seconds.
  path: Assets/Materials
  artifactKey: Guid(d0234ba368eeec9418390da711bfdad0) Importer(815301076,1909f56bfc062723c751e8b465ee728b)
Start importing Assets/Materials using Guid(d0234ba368eeec9418390da711bfdad0) Importer(815301076,1909f56bfc062723c751e8b465ee728b)  -> (artifact id: 'dd1fccef896d48891410691dfde716e5') in 0.038322 seconds
  Import took 0.045112 seconds .

========================================================================
Received Import Request.
  Time since last request: 6.956474 seconds.
  path: Assets/Materials/green.mat
  artifactKey: Guid(b1f64e729a9852548801b86608c9bb77) Importer(815301076,1909f56bfc062723c751e8b465ee728b)
Start importing Assets/Materials/green.mat using Guid(b1f64e729a9852548801b86608c9bb77) Importer(815301076,1909f56bfc062723c751e8b465ee728b)  -> (artifact id: 'bdcc6bd146e59509d05007a24729675a') in 0.050349 seconds
  Import took 0.057008 seconds .

========================================================================
Received Import Request.
  Time since last request: 11.754976 seconds.
  path: Assets/Materials/yellow.mat
  artifactKey: Guid(65d387e8953e3e14dae69a66fb25f156) Importer(815301076,1909f56bfc062723c751e8b465ee728b)
Start importing Assets/Materials/yellow.mat using Guid(65d387e8953e3e14dae69a66fb25f156) Importer(815301076,1909f56bfc062723c751e8b465ee728b)  -> (artifact id: '53a5b9de36a3a62991fc006b1add82b1') in 0.052233 seconds
  Import took 0.059257 seconds .

